<?xml version="1.0" encoding="UTF-8"?>
<testng-results skipped="0" failed="0" total="1" passed="1">
  <reporter-output>
  </reporter-output>
  <suite name="Default suite" duration-ms="16841" started-at="2018-10-29T11:12:19Z" finished-at="2018-10-29T11:12:36Z">
    <groups>
    </groups>
    <test name="Default test" duration-ms="16841" started-at="2018-10-29T11:12:19Z" finished-at="2018-10-29T11:12:36Z">
      <class name="com.selenium.testproject.testproject.AmazonTest">
        <test-method status="PASS" signature="testBaseSetupInitialization1()[pri:0, instance:com.selenium.testproject.testproject.AmazonTest@475530b9]" name="testBaseSetupInitialization1" is-config="true" duration-ms="6678" started-at="2018-10-29T16:42:19Z" finished-at="2018-10-29T16:42:25Z">
          <reporter-output>
          </reporter-output>
        </test-method> <!-- testBaseSetupInitialization1 -->
        <test-method status="PASS" signature="setUp()[pri:0, instance:com.selenium.testproject.testproject.AmazonTest@475530b9]" name="setUp" is-config="true" duration-ms="0" started-at="2018-10-29T16:42:25Z" finished-at="2018-10-29T16:42:25Z">
          <reporter-output>
          </reporter-output>
        </test-method> <!-- setUp -->
        <test-method status="PASS" signature="testAmazonScript()[pri:0, instance:com.selenium.testproject.testproject.AmazonTest@475530b9]" name="testAmazonScript" duration-ms="10122" started-at="2018-10-29T16:42:25Z" finished-at="2018-10-29T16:42:36Z">
          <reporter-output>
          </reporter-output>
        </test-method> <!-- testAmazonScript -->
        <test-method status="PASS" signature="tearDown()[pri:0, instance:com.selenium.testproject.testproject.AmazonTest@475530b9]" name="tearDown" is-config="true" duration-ms="2" started-at="2018-10-29T16:42:36Z" finished-at="2018-10-29T16:42:36Z">
          <reporter-output>
          </reporter-output>
        </test-method> <!-- tearDown -->
      </class> <!-- com.selenium.testproject.testproject.AmazonTest -->
    </test> <!-- Default test -->
  </suite> <!-- Default suite -->
</testng-results>
