<?xml version="1.0" encoding="UTF-8"?>
<testng-results skipped="0" failed="1" total="1" passed="0">
  <reporter-output>
  </reporter-output>
  <suite name="Default suite" duration-ms="122" started-at="2019-05-23T18:59:02Z" finished-at="2019-05-23T18:59:03Z">
    <groups>
    </groups>
    <test name="Default test" duration-ms="122" started-at="2019-05-23T18:59:02Z" finished-at="2019-05-23T18:59:03Z">
      <class name="com.selenium.testproject.testproject.JsonDataParsingExample">
        <test-method status="FAIL" signature="testExample()[pri:0, instance:com.selenium.testproject.testproject.JsonDataParsingExample@75077e76]" name="testExample" duration-ms="96" started-at="2019-05-24T00:29:02Z" finished-at="2019-05-24T00:29:03Z">
          <exception class="java.lang.IllegalStateException">
            <message>
              <![CDATA[This is not a JSON Array.]]>
            </message>
            <full-stacktrace>
              <![CDATA[java.lang.IllegalStateException: This is not a JSON Array.
	at com.google.gson.JsonElement.getAsJsonArray(JsonElement.java:106)
	at com.selenium.testproject.testproject.JsonDataParsingExample.testExample(JsonDataParsingExample.java:23)
	at sun.reflect.NativeMethodAccessorImpl.invoke0(Native Method)
	at sun.reflect.NativeMethodAccessorImpl.invoke(NativeMethodAccessorImpl.java:57)
	at sun.reflect.DelegatingMethodAccessorImpl.invoke(DelegatingMethodAccessorImpl.java:43)
	at java.lang.reflect.Method.invoke(Method.java:606)
	at org.testng.internal.MethodInvocationHelper.invokeMethod(MethodInvocationHelper.java:80)
	at org.testng.internal.Invoker.invokeMethod(Invoker.java:714)
	at org.testng.internal.Invoker.invokeTestMethod(Invoker.java:901)
	at org.testng.internal.Invoker.invokeTestMethods(Invoker.java:1231)
	at org.testng.internal.TestMethodWorker.invokeTestMethods(TestMethodWorker.java:127)
	at org.testng.internal.TestMethodWorker.run(TestMethodWorker.java:111)
	at org.testng.TestRunner.privateRun(TestRunner.java:767)
	at org.testng.TestRunner.run(TestRunner.java:617)
	at org.testng.SuiteRunner.runTest(SuiteRunner.java:334)
	at org.testng.SuiteRunner.runSequentially(SuiteRunner.java:329)
	at org.testng.SuiteRunner.privateRun(SuiteRunner.java:291)
	at org.testng.SuiteRunner.run(SuiteRunner.java:240)
	at org.testng.SuiteRunnerWorker.runSuite(SuiteRunnerWorker.java:52)
	at org.testng.SuiteRunnerWorker.run(SuiteRunnerWorker.java:86)
	at org.testng.TestNG.runSuitesSequentially(TestNG.java:1198)
	at org.testng.TestNG.runSuitesLocally(TestNG.java:1123)
	at org.testng.TestNG.run(TestNG.java:1031)
	at org.testng.remote.AbstractRemoteTestNG.run(AbstractRemoteTestNG.java:126)
	at org.testng.remote.RemoteTestNG.initAndRun(RemoteTestNG.java:152)
	at org.testng.remote.RemoteTestNG.main(RemoteTestNG.java:57)
]]>
            </full-stacktrace>
          </exception> <!-- java.lang.IllegalStateException -->
          <reporter-output>
          </reporter-output>
        </test-method> <!-- testExample -->
      </class> <!-- com.selenium.testproject.testproject.JsonDataParsingExample -->
    </test> <!-- Default test -->
  </suite> <!-- Default suite -->
</testng-results>
