<?xml version="1.0" encoding="UTF-8"?>
<testng-results skipped="0" failed="0" total="1" passed="1">
  <reporter-output>
  </reporter-output>
  <suite name="Suite" duration-ms="17269" started-at="2018-10-29T11:20:16Z" finished-at="2018-10-29T11:20:33Z">
    <groups>
    </groups>
    <test name="Test" duration-ms="17269" started-at="2018-10-29T11:20:16Z" finished-at="2018-10-29T11:20:33Z">
      <class name="com.selenium.testproject.testproject.AmazonTest">
        <test-method status="PASS" signature="testBaseSetupInitialization1()[pri:0, instance:com.selenium.testproject.testproject.AmazonTest@90f6bfd]" name="testBaseSetupInitialization1" is-config="true" duration-ms="7138" started-at="2018-10-29T16:50:16Z" finished-at="2018-10-29T16:50:23Z">
          <reporter-output>
          </reporter-output>
        </test-method> <!-- testBaseSetupInitialization1 -->
        <test-method status="PASS" signature="setUp()[pri:0, instance:com.selenium.testproject.testproject.AmazonTest@90f6bfd]" name="setUp" is-config="true" duration-ms="0" started-at="2018-10-29T16:50:23Z" finished-at="2018-10-29T16:50:23Z">
          <reporter-output>
          </reporter-output>
        </test-method> <!-- setUp -->
        <test-method status="PASS" signature="testAmazonScript()[pri:0, instance:com.selenium.testproject.testproject.AmazonTest@90f6bfd]" name="testAmazonScript" duration-ms="10114" started-at="2018-10-29T16:50:23Z" finished-at="2018-10-29T16:50:33Z">
          <reporter-output>
          </reporter-output>
        </test-method> <!-- testAmazonScript -->
        <test-method status="PASS" signature="tearDown()[pri:0, instance:com.selenium.testproject.testproject.AmazonTest@90f6bfd]" name="tearDown" is-config="true" duration-ms="1" started-at="2018-10-29T16:50:33Z" finished-at="2018-10-29T16:50:33Z">
          <reporter-output>
          </reporter-output>
        </test-method> <!-- tearDown -->
      </class> <!-- com.selenium.testproject.testproject.AmazonTest -->
    </test> <!-- Test -->
  </suite> <!-- Suite -->
</testng-results>
