<?xml version="1.0" encoding="UTF-8"?>
<testng-results skipped="0" failed="0" total="1" passed="1">
  <reporter-output>
  </reporter-output>
  <suite name="Suite" duration-ms="33900" started-at="2018-09-19T18:27:52Z" finished-at="2018-09-19T18:28:26Z">
    <groups>
    </groups>
    <test name="Test" duration-ms="33900" started-at="2018-09-19T18:27:52Z" finished-at="2018-09-19T18:28:26Z">
      <class name="com.selenium.testproject.testproject.AmazonTest">
        <test-method status="PASS" signature="testBaseSetupInitialization(java.lang.String, java.lang.String)[pri:0, instance:com.selenium.testproject.testproject.AmazonTest@6b143ee9]" name="testBaseSetupInitialization" is-config="true" duration-ms="7870" started-at="2018-09-19T23:57:52Z" finished-at="2018-09-19T23:58:00Z">
          <params>
            <param index="0">
              <value>
                <![CDATA[chrome]]>
              </value>
            </param>
            <param index="1">
              <value>
                <![CDATA[https://www.amazon.in/]]>
              </value>
            </param>
          </params>
          <reporter-output>
          </reporter-output>
        </test-method> <!-- testBaseSetupInitialization -->
        <test-method status="PASS" signature="setUp()[pri:0, instance:com.selenium.testproject.testproject.AmazonTest@6b143ee9]" name="setUp" is-config="true" duration-ms="1" started-at="2018-09-19T23:58:00Z" finished-at="2018-09-19T23:58:00Z">
          <reporter-output>
          </reporter-output>
        </test-method> <!-- setUp -->
        <test-method status="PASS" signature="testAmazonScript()[pri:0, instance:com.selenium.testproject.testproject.AmazonTest@6b143ee9]" name="testAmazonScript" duration-ms="26008" started-at="2018-09-19T23:58:00Z" finished-at="2018-09-19T23:58:26Z">
          <reporter-output>
          </reporter-output>
        </test-method> <!-- testAmazonScript -->
        <test-method status="PASS" signature="tearDown()[pri:0, instance:com.selenium.testproject.testproject.AmazonTest@6b143ee9]" name="tearDown" is-config="true" duration-ms="0" started-at="2018-09-19T23:58:26Z" finished-at="2018-09-19T23:58:26Z">
          <reporter-output>
          </reporter-output>
        </test-method> <!-- tearDown -->
      </class> <!-- com.selenium.testproject.testproject.AmazonTest -->
    </test> <!-- Test -->
  </suite> <!-- Suite -->
</testng-results>
