<?xml version="1.0" encoding="UTF-8"?>
<testsuite xmlns:xsi="http://www.w3.org/2001/XMLSchema-instance" xsi:noNamespaceSchemaLocation="https://maven.apache.org/surefire/maven-surefire-plugin/xsd/surefire-test-report.xsd" name="com.selenium.testproject.testproject.AmazonTest" time="0.89" tests="4" errors="0" skipped="3" failures="1">
  <properties>
[...]
</properties>
  <testcase name="testBaseSetupInitialization" classname="com.selenium.testproject.testproject.AmazonTest" time="0.574">
    <failure message="&#10;Parameter &apos;browserType&apos; is required by @Configuration on method testBaseSetupInitialization but has not been marked @Optional or defined&#10;" type="org.testng.TestNGException">org.testng.TestNGException: 

Parameter 'browserType' is required by @Configuration on method testBaseSetupInitialization but has not been marked @Optional or defined

</failure>
  </testcase>
  <testcase name="setUp" classname="com.selenium.testproject.testproject.AmazonTest" time="0">
    <skipped/>
  </testcase>
  <testcase name="testAmazonScript" classname="com.selenium.testproject.testproject.AmazonTest" time="0">
    <skipped/>
  </testcase>
  <testcase name="tearDown" classname="com.selenium.testproject.testproject.AmazonTest" time="0">
    <skipped/>
  </testcase>
</testsuite>