<?xml version="1.0" encoding="UTF-8"?>
<testng-results ignored="0" total="1" passed="1" failed="0" skipped="0">
  <reporter-output>
  </reporter-output>
  <suite started-at="2021-11-30T13:02:57 IST" name="Command line suite" finished-at="2021-11-30T13:02:57 IST" duration-ms="30">
    <groups>
    </groups>
    <test started-at="2021-11-30T13:02:57 IST" name="Command line test" finished-at="2021-11-30T13:02:57 IST" duration-ms="30">
      <class name="ExcelPractice.AppTest">
        <test-method signature="testApp()" started-at="2021-11-30T13:02:57 IST" name="testApp" finished-at="2021-11-30T13:02:57 IST" duration-ms="3" status="PASS">
          <reporter-output>
          </reporter-output>
        </test-method> <!-- testApp -->
      </class> <!-- ExcelPractice.AppTest -->
    </test> <!-- Command line test -->
  </suite> <!-- Command line suite -->
</testng-results>
